app/build/intermediates/manifest_merge_blame_file/debug/manifest-merger-blame-debug-report.txt
1<?xml version="1.0" encoding="utf-8"?>
2<manifest xmlns:android="http://schemas.android.com/apk/res/android"
3    package="com.butembo.alertgeste"
4    android:versionCode="1"
5    android:versionName="1.0" >
6
7    <uses-sdk
8        android:minSdkVersion="26"
9        android:targetSdkVersion="34" />
10
11    <!-- Matériel requis pour les SMS -->
12    <uses-feature
12-->src\main\AndroidManifest.xml:6:5-88
13        android:name="android.hardware.telephony"
13-->src\main\AndroidManifest.xml:6:19-60
14        android:required="false" />
14-->src\main\AndroidManifest.xml:6:61-85
15
16    <!-- Permissions SMS & Localisation -->
17    <uses-permission android:name="android.permission.SEND_SMS" />
17-->src\main\AndroidManifest.xml:9:5-67
17-->src\main\AndroidManifest.xml:9:22-64
18    <uses-permission android:name="android.permission.ACCESS_FINE_LOCATION" />
18-->src\main\AndroidManifest.xml:10:5-79
18-->src\main\AndroidManifest.xml:10:22-76
19    <uses-permission android:name="android.permission.ACCESS_COARSE_LOCATION" />
19-->src\main\AndroidManifest.xml:11:5-81
19-->src\main\AndroidManifest.xml:11:22-78
20    <uses-permission android:name="android.permission.ACCESS_BACKGROUND_LOCATION" />
20-->src\main\AndroidManifest.xml:12:5-85
20-->src\main\AndroidManifest.xml:12:22-82
21
22    <!-- Service en avant-plan -->
23    <uses-permission android:name="android.permission.FOREGROUND_SERVICE" />
23-->src\main\AndroidManifest.xml:15:5-77
23-->src\main\AndroidManifest.xml:15:22-74
24    <uses-permission android:name="android.permission.FOREGROUND_SERVICE_LOCATION" />
24-->src\main\AndroidManifest.xml:16:5-86
24-->src\main\AndroidManifest.xml:16:22-83
25
26    <!-- Démarrage au boot -->
27    <uses-permission android:name="android.permission.RECEIVE_BOOT_COMPLETED" />
27-->src\main\AndroidManifest.xml:19:5-81
27-->src\main\AndroidManifest.xml:19:22-78
28
29    <!-- Divers -->
30    <uses-permission android:name="android.permission.WAKE_LOCK" />
30-->src\main\AndroidManifest.xml:22:5-68
30-->src\main\AndroidManifest.xml:22:22-65
31    <uses-permission android:name="android.permission.VIBRATE" />
31-->src\main\AndroidManifest.xml:23:5-66
31-->src\main\AndroidManifest.xml:23:22-63
32    <uses-permission android:name="android.permission.POST_NOTIFICATIONS" />
32-->src\main\AndroidManifest.xml:24:5-77
32-->src\main\AndroidManifest.xml:24:22-74
33    <uses-permission android:name="android.permission.REQUEST_IGNORE_BATTERY_OPTIMIZATIONS" />
33-->src\main\AndroidManifest.xml:25:5-95
33-->src\main\AndroidManifest.xml:25:22-92
34
35    <permission
35-->[androidx.core:core:1.12.0] AndroidManifest.xml:22:5-24:47
36        android:name="com.butembo.alertgeste.DYNAMIC_RECEIVER_NOT_EXPORTED_PERMISSION"
36-->[androidx.core:core:1.12.0] AndroidManifest.xml:23:9-81
37        android:protectionLevel="signature" />
37-->[androidx.core:core:1.12.0] AndroidManifest.xml:24:9-44
38
39    <uses-permission android:name="com.butembo.alertgeste.DYNAMIC_RECEIVER_NOT_EXPORTED_PERMISSION" />
39-->[androidx.core:core:1.12.0] AndroidManifest.xml:26:5-97
39-->[androidx.core:core:1.12.0] AndroidManifest.xml:26:22-94
40
41    <application
41-->src\main\AndroidManifest.xml:27:5-73:19
42        android:name="com.butembo.alertgeste.AlertGesteApp"
42-->src\main\AndroidManifest.xml:28:9-38
43        android:allowBackup="true"
43-->src\main\AndroidManifest.xml:29:9-35
44        android:appComponentFactory="androidx.core.app.CoreComponentFactory"
44-->[androidx.core:core:1.12.0] AndroidManifest.xml:28:18-86
45        android:dataExtractionRules="@xml/data_extraction_rules"
45-->src\main\AndroidManifest.xml:35:9-65
46        android:debuggable="true"
47        android:extractNativeLibs="false"
48        android:fullBackupContent="@xml/backup_rules"
48-->src\main\AndroidManifest.xml:36:9-54
49        android:icon="@mipmap/ic_launcher"
49-->src\main\AndroidManifest.xml:30:9-43
50        android:label="@string/app_name"
50-->src\main\AndroidManifest.xml:31:9-41
51        android:roundIcon="@mipmap/ic_launcher_round"
51-->src\main\AndroidManifest.xml:32:9-54
52        android:supportsRtl="true"
52-->src\main\AndroidManifest.xml:33:9-35
53        android:testOnly="true"
54        android:theme="@style/Theme.AlertGeste" >
54-->src\main\AndroidManifest.xml:34:9-48
55        <activity
55-->src\main\AndroidManifest.xml:39:9-47:20
56            android:name="com.butembo.alertgeste.ui.MainActivity"
56-->src\main\AndroidManifest.xml:40:13-44
57            android:exported="true"
57-->src\main\AndroidManifest.xml:41:13-36
58            android:windowSoftInputMode="adjustResize" >
58-->src\main\AndroidManifest.xml:42:13-55
59            <intent-filter>
59-->src\main\AndroidManifest.xml:43:13-46:29
60                <action android:name="android.intent.action.MAIN" />
60-->src\main\AndroidManifest.xml:44:17-69
60-->src\main\AndroidManifest.xml:44:25-66
61
62                <category android:name="android.intent.category.LAUNCHER" />
62-->src\main\AndroidManifest.xml:45:17-77
62-->src\main\AndroidManifest.xml:45:27-74
63            </intent-filter>
64        </activity>
65
66        <!-- Foreground Service de surveillance -->
67        <service
67-->src\main\AndroidManifest.xml:50:9-54:56
68            android:name="com.butembo.alertgeste.service.SurveillanceService"
68-->src\main\AndroidManifest.xml:51:13-56
69            android:enabled="true"
69-->src\main\AndroidManifest.xml:52:13-35
70            android:exported="false"
70-->src\main\AndroidManifest.xml:53:13-37
71            android:foregroundServiceType="location" />
71-->src\main\AndroidManifest.xml:54:13-53
72
73        <!-- BroadcastReceiver démarrage auto -->
74        <receiver
74-->src\main\AndroidManifest.xml:57:9-65:20
75            android:name="com.butembo.alertgeste.receiver.BootReceiver"
75-->src\main\AndroidManifest.xml:58:13-50
76            android:enabled="true"
76-->src\main\AndroidManifest.xml:59:13-35
77            android:exported="true" >
77-->src\main\AndroidManifest.xml:60:13-36
78            <intent-filter>
78-->src\main\AndroidManifest.xml:61:13-64:29
79                <action android:name="android.intent.action.BOOT_COMPLETED" />
79-->src\main\AndroidManifest.xml:62:17-79
79-->src\main\AndroidManifest.xml:62:25-76
80                <action android:name="android.intent.action.QUICKBOOT_POWERON" />
80-->src\main\AndroidManifest.xml:63:17-82
80-->src\main\AndroidManifest.xml:63:25-79
81            </intent-filter>
82        </receiver>
83
84        <!-- Receiver pour actions de notification (annuler alerte) -->
85        <receiver
85-->src\main\AndroidManifest.xml:68:9-71:40
86            android:name="com.butembo.alertgeste.receiver.AlerteActionReceiver"
86-->src\main\AndroidManifest.xml:69:13-58
87            android:enabled="true"
87-->src\main\AndroidManifest.xml:70:13-35
88            android:exported="false" />
88-->src\main\AndroidManifest.xml:71:13-37
89
90        <activity
90-->[com.google.android.gms:play-services-base:18.1.0] AndroidManifest.xml:20:9-22:45
91            android:name="com.google.android.gms.common.api.GoogleApiActivity"
91-->[com.google.android.gms:play-services-base:18.1.0] AndroidManifest.xml:20:19-85
92            android:exported="false"
92-->[com.google.android.gms:play-services-base:18.1.0] AndroidManifest.xml:22:19-43
93            android:theme="@android:style/Theme.Translucent.NoTitleBar" />
93-->[com.google.android.gms:play-services-base:18.1.0] AndroidManifest.xml:21:19-78
94
95        <meta-data
95-->[com.google.android.gms:play-services-basement:18.1.0] AndroidManifest.xml:21:9-23:69
96            android:name="com.google.android.gms.version"
96-->[com.google.android.gms:play-services-basement:18.1.0] AndroidManifest.xml:22:13-58
97            android:value="@integer/google_play_services_version" />
97-->[com.google.android.gms:play-services-basement:18.1.0] AndroidManifest.xml:23:13-66
98
99        <provider
99-->[androidx.emoji2:emoji2:1.2.0] AndroidManifest.xml:24:9-32:20
100            android:name="androidx.startup.InitializationProvider"
100-->[androidx.emoji2:emoji2:1.2.0] AndroidManifest.xml:25:13-67
101            android:authorities="com.butembo.alertgeste.androidx-startup"
101-->[androidx.emoji2:emoji2:1.2.0] AndroidManifest.xml:26:13-68
102            android:exported="false" >
102-->[androidx.emoji2:emoji2:1.2.0] AndroidManifest.xml:27:13-37
103            <meta-data
103-->[androidx.emoji2:emoji2:1.2.0] AndroidManifest.xml:29:13-31:52
104                android:name="androidx.emoji2.text.EmojiCompatInitializer"
104-->[androidx.emoji2:emoji2:1.2.0] AndroidManifest.xml:30:17-75
105                android:value="androidx.startup" />
105-->[androidx.emoji2:emoji2:1.2.0] AndroidManifest.xml:31:17-49
106            <meta-data
106-->[androidx.lifecycle:lifecycle-process:2.7.0] AndroidManifest.xml:29:13-31:52
107                android:name="androidx.lifecycle.ProcessLifecycleInitializer"
107-->[androidx.lifecycle:lifecycle-process:2.7.0] AndroidManifest.xml:30:17-78
108                android:value="androidx.startup" />
108-->[androidx.lifecycle:lifecycle-process:2.7.0] AndroidManifest.xml:31:17-49
109            <meta-data
109-->[androidx.profileinstaller:profileinstaller:1.3.0] AndroidManifest.xml:29:13-31:52
110                android:name="androidx.profileinstaller.ProfileInstallerInitializer"
110-->[androidx.profileinstaller:profileinstaller:1.3.0] AndroidManifest.xml:30:17-85
111                android:value="androidx.startup" />
111-->[androidx.profileinstaller:profileinstaller:1.3.0] AndroidManifest.xml:31:17-49
112        </provider>
113
114        <uses-library
114-->[androidx.window:window:1.0.0] AndroidManifest.xml:25:9-27:40
115            android:name="androidx.window.extensions"
115-->[androidx.window:window:1.0.0] AndroidManifest.xml:26:13-54
116            android:required="false" />
116-->[androidx.window:window:1.0.0] AndroidManifest.xml:27:13-37
117        <uses-library
117-->[androidx.window:window:1.0.0] AndroidManifest.xml:28:9-30:40
118            android:name="androidx.window.sidecar"
118-->[androidx.window:window:1.0.0] AndroidManifest.xml:29:13-51
119            android:required="false" />
119-->[androidx.window:window:1.0.0] AndroidManifest.xml:30:13-37
120
121        <service
121-->[androidx.room:room-runtime:2.6.1] AndroidManifest.xml:24:9-28:63
122            android:name="androidx.room.MultiInstanceInvalidationService"
122-->[androidx.room:room-runtime:2.6.1] AndroidManifest.xml:25:13-74
123            android:directBootAware="true"
123-->[androidx.room:room-runtime:2.6.1] AndroidManifest.xml:26:13-43
124            android:exported="false" />
124-->[androidx.room:room-runtime:2.6.1] AndroidManifest.xml:27:13-37
125
126        <receiver
126-->[androidx.profileinstaller:profileinstaller:1.3.0] AndroidManifest.xml:34:9-52:20
127            android:name="androidx.profileinstaller.ProfileInstallReceiver"
127-->[androidx.profileinstaller:profileinstaller:1.3.0] AndroidManifest.xml:35:13-76
128            android:directBootAware="false"
128-->[androidx.profileinstaller:profileinstaller:1.3.0] AndroidManifest.xml:36:13-44
129            android:enabled="true"
129-->[androidx.profileinstaller:profileinstaller:1.3.0] AndroidManifest.xml:37:13-35
130            android:exported="true"
130-->[androidx.profileinstaller:profileinstaller:1.3.0] AndroidManifest.xml:38:13-36
131            android:permission="android.permission.DUMP" >
131-->[androidx.profileinstaller:profileinstaller:1.3.0] AndroidManifest.xml:39:13-57
132            <intent-filter>
132-->[androidx.profileinstaller:profileinstaller:1.3.0] AndroidManifest.xml:40:13-42:29
133                <action android:name="androidx.profileinstaller.action.INSTALL_PROFILE" />
133-->[androidx.profileinstaller:profileinstaller:1.3.0] AndroidManifest.xml:41:17-91
133-->[androidx.profileinstaller:profileinstaller:1.3.0] AndroidManifest.xml:41:25-88
134            </intent-filter>
135            <intent-filter>
135-->[androidx.profileinstaller:profileinstaller:1.3.0] AndroidManifest.xml:43:13-45:29
136                <action android:name="androidx.profileinstaller.action.SKIP_FILE" />
136-->[androidx.profileinstaller:profileinstaller:1.3.0] AndroidManifest.xml:44:17-85
136-->[androidx.profileinstaller:profileinstaller:1.3.0] AndroidManifest.xml:44:25-82
137            </intent-filter>
138            <intent-filter>
138-->[androidx.profileinstaller:profileinstaller:1.3.0] AndroidManifest.xml:46:13-48:29
139                <action android:name="androidx.profileinstaller.action.SAVE_PROFILE" />
139-->[androidx.profileinstaller:profileinstaller:1.3.0] AndroidManifest.xml:47:17-88
139-->[androidx.profileinstaller:profileinstaller:1.3.0] AndroidManifest.xml:47:25-85
140            </intent-filter>
141            <intent-filter>
141-->[androidx.profileinstaller:profileinstaller:1.3.0] AndroidManifest.xml:49:13-51:29
142                <action android:name="androidx.profileinstaller.action.BENCHMARK_OPERATION" />
142-->[androidx.profileinstaller:profileinstaller:1.3.0] AndroidManifest.xml:50:17-95
142-->[androidx.profileinstaller:profileinstaller:1.3.0] AndroidManifest.xml:50:25-92
143            </intent-filter>
144        </receiver>
145    </application>
146
147</manifest>